[2024-11-04 12:58:35] development.ERROR: foreach() argument must be of type array|object, null given {"view":{"view":"/home1/sanmiuce/public_html/matrimonial/resources/views/admin/user_profiles/edit.blade.php","data":{"errors":"<pre class=sf-dump id=sf-dump-445437835 data-indent-pad=\"  \"><span class=sf-dump-note>Illuminate\\Support\\ViewErrorBag</span> {<a class=sf-dump-ref>#1418</a><samp data-depth=1 class=sf-dump-expanded>
  #<span class=sf-dump-protected title=\"Protected property\">bags</span>: []
</samp>}
</pre><script>Sfdump(\"sf-dump-445437835\", {\"maxDepth\":3,\"maxStringLength\":160})</script>
","profile":"<pre class=sf-dump id=sf-dump-1350119895 data-indent-pad=\"  \"><span class=sf-dump-note>App\\Models\\Profile</span> {<a class=sf-dump-ref>#1691</a><samp data-depth=1 class=sf-dump-expanded>
  #<span class=sf-dump-protected title=\"Protected property\">connection</span>: \"<span class=sf-dump-str title=\"5 characters\">mysql</span>\"
  #<span class=sf-dump-protected title=\"Protected property\">table</span>: \"<span class=sf-dump-str title=\"8 characters\">profiles</span>\"
  #<span class=sf-dump-protected title=\"Protected property\">primaryKey</span>: \"<span class=sf-dump-str title=\"2 characters\">id</span>\"
  #<span class=sf-dump-protected title=\"Protected property\">keyType</span>: \"<span class=sf-dump-str title=\"3 characters\">int</span>\"
  +<span class=sf-dump-public title=\"Public property\">incrementing</span>: <span class=sf-dump-const>true</span>
  #<span class=sf-dump-protected title=\"Protected property\">with</span>: []
  #<span class=sf-dump-protected title=\"Protected property\">withCount</span>: []
  +<span class=sf-dump-public title=\"Public property\">preventsLazyLoading</span>: <span class=sf-dump-const>false</span>
  #<span class=sf-dump-protected title=\"Protected property\">perPage</span>: <span class=sf-dump-num>15</span>
  +<span class=sf-dump-public title=\"Public property\">exists</span>: <span class=sf-dump-const>true</span>
  +<span class=sf-dump-public title=\"Public property\">wasRecentlyCreated</span>: <span class=sf-dump-const>false</span>
  #<span class=sf-dump-protected title=\"Protected property\">escapeWhenCastingToString</span>: <span class=sf-dump-const>false</span>
  #<span class=sf-dump-protected title=\"Protected property\">attributes</span>: <span class=sf-dump-note>array:98</span> [<samp data-depth=2 class=sf-dump-compact>
    \"<span class=sf-dump-key>id</span>\" => <span class=sf-dump-num>1</span>
    \"<span class=sf-dump-key>user_id</span>\" => <span class=sf-dump-num>1</span>
    \"<span class=sf-dump-key>first_name</span>\" => \"<span class=sf-dump-str title=\"7 characters\">Sanjeev</span>\"
    \"<span class=sf-dump-key>middle_name</span>\" => \"<span class=sf-dump-str title=\"10 characters\">MiddleName</span>\"
    \"<span class=sf-dump-key>last_name</span>\" => \"<span class=sf-dump-str title=\"7 characters\">Divekar</span>\"
    \"<span class=sf-dump-key>role</span>\" => <span class=sf-dump-const>null</span>
    \"<span class=sf-dump-key>mother_tongue</span>\" => <span class=sf-dump-const>null</span>
    \"<span class=sf-dump-key>native_place</span>\" => <span class=sf-dump-const>null</span>
    \"<span class=sf-dump-key>gender</span>\" => <span class=sf-dump-const>null</span>
    \"<span class=sf-dump-key>marital_status</span>\" => <span class=sf-dump-const>null</span>
    \"<span class=sf-dump-key>living_with</span>\" => <span class=sf-dump-const>null</span>
    \"<span class=sf-dump-key>available_tokens</span>\" => <span class=sf-dump-num>0</span>
    \"<span class=sf-dump-key>blood_group</span>\" => <span class=sf-dump-const>null</span>
    \"<span class=sf-dump-key>height</span>\" => <span class=sf-dump-const>null</span>
    \"<span class=sf-dump-key>weight</span>\" => <span class=sf-dump-const>null</span>
    \"<span class=sf-dump-key>body_type</span>\" => <span class=sf-dump-const>null</span>
    \"<span class=sf-dump-key>complexion</span>\" => <span class=sf-dump-const>null</span>
    \"<span class=sf-dump-key>physical_abnormality</span>\" => <span class=sf-dump-num>0</span>
    \"<span class=sf-dump-key>spectacles</span>\" => <span class=sf-dump-num>0</span>
    \"<span class=sf-dump-key>lens</span>\" => <span class=sf-dump-num>0</span>
    \"<span class=sf-dump-key>eating_habits</span>\" => <span class=sf-dump-const>null</span>
    \"<span class=sf-dump-key>drinking_habits</span>\" => <span class=sf-dump-const>null</span>
    \"<span class=sf-dump-key>smoking_habits</span>\" => <span class=sf-dump-const>null</span>
    \"<span class=sf-dump-key>about_self</span>\" => <span class=sf-dump-const>null</span>
    \"<span class=sf-dump-key>img_1</span>\" => <span class=sf-dump-const>null</span>
    \"<span class=sf-dump-key>img_2</span>\" => <span class=sf-dump-const>null</span>
    \"<span class=sf-dump-key>img_3</span>\" => <span class=sf-dump-const>null</span>
    \"<span class=sf-dump-key>religion</span>\" => <span class=sf-dump-const>null</span>
    \"<span class=sf-dump-key>caste</span>\" => <span class=sf-dump-const>null</span>
    \"<span class=sf-dump-key>sub_caste</span>\" => <span class=sf-dump-const>null</span>
    \"<span class=sf-dump-key>gotra</span>\" => <span class=sf-dump-const>null</span>
    \"<span class=sf-dump-key>father_is_alive</span>\" => <span class=sf-dump-num>0</span>
    \"<span class=sf-dump-key>father_name</span>\" => <span class=sf-dump-const>null</span>
    \"<span class=sf-dump-key>father_occupation</span>\" => <span class=sf-dump-const>null</span>
    \"<span class=sf-dump-key>father_organization</span>\" => <span class=sf-dump-const>null</span>
    \"<span class=sf-dump-key>father_job_type</span>\" => <span class=sf-dump-const>null</span>
    \"<span class=sf-dump-key>mother_is_alive</span>\" => <span class=sf-dump-num>0</span>
    \"<span class=sf-dump-key>mother_name</span>\" => <span class=sf-dump-const>null</span>
    \"<span class=sf-dump-key>mother_occupation</span>\" => <span class=sf-dump-const>null</span>
    \"<span class=sf-dump-key>mother_organization</span>\" => <span class=sf-dump-const>null</span>
    \"<span class=sf-dump-key>mother_job_type</span>\" => <span class=sf-dump-const>null</span>
    \"<span class=sf-dump-key>number_of_brothers_married</span>\" => <span class=sf-dump-const>null</span>
    \"<span class=sf-dump-key>number_of_brothers_unmarried</span>\" => <span class=sf-dump-const>null</span>
    \"<span class=sf-dump-key>brother_resident_place</span>\" => <span class=sf-dump-const>null</span>
    \"<span class=sf-dump-key>number_of_sisters_married</span>\" => <span class=sf-dump-const>null</span>
    \"<span class=sf-dump-key>number_of_sisters_unmarried</span>\" => <span class=sf-dump-const>null</span>
    \"<span class=sf-dump-key>sister_resident_place</span>\" => <span class=sf-dump-const>null</span>
    \"<span class=sf-dump-key>about_parents</span>\" => <span class=sf-dump-const>null</span>
    \"<span class=sf-dump-key>date_of_birth</span>\" => <span class=sf-dump-const>null</span>
    \"<span class=sf-dump-key>birth_time</span>\" => <span class=sf-dump-const>null</span>
    \"<span class=sf-dump-key>birth_place</span>\" => <span class=sf-dump-const>null</span>
    \"<span class=sf-dump-key>highest_education</span>\" => <span class=sf-dump-const>null</span>
    \"<span class=sf-dump-key>education_in_detail</span>\" => <span class=sf-dump-const>null</span>
    \"<span class=sf-dump-key>additional_degree</span>\" => <span class=sf-dump-const>null</span>
    \"<span class=sf-dump-key>occupation</span>\" => <span class=sf-dump-const>null</span>
    \"<span class=sf-dump-key>organization</span>\" => <span class=sf-dump-const>null</span>
    \"<span class=sf-dump-key>designation</span>\" => <span class=sf-dump-const>null</span>
    \"<span class=sf-dump-key>job_location</span>\" => <span class=sf-dump-const>null</span>
    \"<span class=sf-dump-key>job_experience</span>\" => <span class=sf-dump-const>null</span>
    \"<span class=sf-dump-key>income</span>\" => <span class=sf-dump-const>null</span>
    \"<span class=sf-dump-key>currency</span>\" => <span class=sf-dump-const>null</span>
    \"<span class=sf-dump-key>country</span>\" => <span class=sf-dump-const>null</span>
    \"<span class=sf-dump-key>state</span>\" => <span class=sf-dump-const>null</span>
    \"<span class=sf-dump-key>city</span>\" => <span class=sf-dump-const>null</span>
    \"<span class=sf-dump-key>address_line_1</span>\" => <span class=sf-dump-const>null</span>
    \"<span class=sf-dump-key>address_line_2</span>\" => <span class=sf-dump-const>null</span>
    \"<span class=sf-dump-key>landmark</span>\" => <span class=sf-dump-const>null</span>
    \"<span class=sf-dump-key>pincode</span>\" => <span class=sf-dump-const>null</span>
    \"<span class=sf-dump-key>mobile</span>\" => <span class=sf-dump-const>null</span>
    \"<span class=sf-dump-key>landline</span>\" => <span class=sf-dump-const>null</span>
    \"<span class=sf-dump-key>email</span>\" => \"<span class=sf-dump-str title=\"20 characters\">sanjeev@sanmisha.com</span>\"
    \"<span class=sf-dump-key>partner_min_age</span>\" => <span class=sf-dump-const>null</span>
    \"<span class=sf-dump-key>partner_max_age</span>\" => <span class=sf-dump-const>null</span>
    \"<span class=sf-dump-key>partner_min_height</span>\" => <span class=sf-dump-const>null</span>
    \"<span class=sf-dump-key>partner_max_height</span>\" => <span class=sf-dump-const>null</span>
    \"<span class=sf-dump-key>partner_income</span>\" => <span class=sf-dump-const>null</span>
    \"<span class=sf-dump-key>partner_currency</span>\" => <span class=sf-dump-const>null</span>
    \"<span class=sf-dump-key>want_to_see_patrika</span>\" => <span class=sf-dump-const>null</span>
    \"<span class=sf-dump-key>partner_sub_cast</span>\" => <span class=sf-dump-const>null</span>
    \"<span class=sf-dump-key>partner_eating_habbit</span>\" => <span class=sf-dump-const>null</span>
    \"<span class=sf-dump-key>partner_city_preference</span>\" => <span class=sf-dump-const>null</span>
    \"<span class=sf-dump-key>partner_education</span>\" => <span class=sf-dump-const>null</span>
    \"<span class=sf-dump-key>partner_education_specialization</span>\" => <span class=sf-dump-const>null</span>
    \"<span class=sf-dump-key>partner_job</span>\" => <span class=sf-dump-const>null</span>
    \"<span class=sf-dump-key>partner_business</span>\" => <span class=sf-dump-const>null</span>
    \"<span class=sf-dump-key>partner_foreign_resident</span>\" => <span class=sf-dump-const>null</span>
    \"<span class=sf-dump-key>when_meet</span>\" => <span class=sf-dump-num>0</span>
    \"<span class=sf-dump-key>rashee</span>\" => <span class=sf-dump-const>null</span>
    \"<span class=sf-dump-key>nakshatra</span>\" => <span class=sf-dump-const>null</span>
    \"<span class=sf-dump-key>mangal</span>\" => <span class=sf-dump-const>null</span>
    \"<span class=sf-dump-key>charan</span>\" => <span class=sf-dump-const>null</span>
    \"<span class=sf-dump-key>gana</span>\" => <span class=sf-dump-const>null</span>
    \"<span class=sf-dump-key>nadi</span>\" => <span class=sf-dump-const>null</span>
    \"<span class=sf-dump-key>chart</span>\" => <span class=sf-dump-const>null</span>
    \"<span class=sf-dump-key>more_about_patrika</span>\" => <span class=sf-dump-const>null</span>
    \"<span class=sf-dump-key>celestial_bodies</span>\" => <span class=sf-dump-const>null</span>
    \"<span class=sf-dump-key>created_at</span>\" => \"<span class=sf-dump-str title=\"19 characters\">2024-11-04 10:09:02</span>\"
    \"<span class=sf-dump-key>updated_at</span>\" => \"<span class=sf-dump-str title=\"19 characters\">2024-11-04 10:09:02</span>\"
  </samp>]
  #<span class=sf-dump-protected title=\"Protected property\">original</span>: <span class=sf-dump-note>array:98</span> [<samp data-depth=2 class=sf-dump-compact>
    \"<span class=sf-dump-key>id</span>\" => <span class=sf-dump-num>1</span>
    \"<span class=sf-dump-key>user_id</span>\" => <span class=sf-dump-num>1</span>
    \"<span class=sf-dump-key>first_name</span>\" => \"<span class=sf-dump-str title=\"7 characters\">Sanjeev</span>\"
    \"<span class=sf-dump-key>middle_name</span>\" => \"<span class=sf-dump-str title=\"10 characters\">MiddleName</span>\"
    \"<span class=sf-dump-key>last_name</span>\" => \"<span class=sf-dump-str title=\"7 characters\">Divekar</span>\"
    \"<span class=sf-dump-key>role</span>\" => <span class=sf-dump-const>null</span>
    \"<span class=sf-dump-key>mother_tongue</span>\" => <span class=sf-dump-const>null</span>
    \"<span class=sf-dump-key>native_place</span>\" => <span class=sf-dump-const>null</span>
    \"<span class=sf-dump-key>gender</span>\" => <span class=sf-dump-const>null</span>
    \"<span class=sf-dump-key>marital_status</span>\" => <span class=sf-dump-const>null</span>
    \"<span class=sf-dump-key>living_with</span>\" => <span class=sf-dump-const>null</span>
    \"<span class=sf-dump-key>available_tokens</span>\" => <span class=sf-dump-num>0</span>
    \"<span class=sf-dump-key>blood_group</span>\" => <span class=sf-dump-const>null</span>
    \"<span class=sf-dump-key>height</span>\" => <span class=sf-dump-const>null</span>
    \"<span class=sf-dump-key>weight</span>\" => <span class=sf-dump-const>null</span>
    \"<span class=sf-dump-key>body_type</span>\" => <span class=sf-dump-const>null</span>
    \"<span class=sf-dump-key>complexion</span>\" => <span class=sf-dump-const>null</span>
    \"<span class=sf-dump-key>physical_abnormality</span>\" => <span class=sf-dump-num>0</span>
    \"<span class=sf-dump-key>spectacles</span>\" => <span class=sf-dump-num>0</span>
    \"<span class=sf-dump-key>lens</span>\" => <span class=sf-dump-num>0</span>
    \"<span class=sf-dump-key>eating_habits</span>\" => <span class=sf-dump-const>null</span>
    \"<span class=sf-dump-key>drinking_habits</span>\" => <span class=sf-dump-const>null</span>
    \"<span class=sf-dump-key>smoking_habits</span>\" => <span class=sf-dump-const>null</span>
    \"<span class=sf-dump-key>about_self</span>\" => <span class=sf-dump-const>null</span>
    \"<span class=sf-dump-key>img_1</span>\" => <span class=sf-dump-const>null</span>
    \"<span class=sf-dump-key>img_2</span>\" => <span class=sf-dump-const>null</span>
    \"<span class=sf-dump-key>img_3</span>\" => <span class=sf-dump-const>null</span>
    \"<span class=sf-dump-key>religion</span>\" => <span class=sf-dump-const>null</span>
    \"<span class=sf-dump-key>caste</span>\" => <span class=sf-dump-const>null</span>
    \"<span class=sf-dump-key>sub_caste</span>\" => <span class=sf-dump-const>null</span>
    \"<span class=sf-dump-key>gotra</span>\" => <span class=sf-dump-const>null</span>
    \"<span class=sf-dump-key>father_is_alive</span>\" => <span class=sf-dump-num>0</span>
    \"<span class=sf-dump-key>father_name</span>\" => <span class=sf-dump-const>null</span>
    \"<span class=sf-dump-key>father_occupation</span>\" => <span class=sf-dump-const>null</span>
    \"<span class=sf-dump-key>father_organization</span>\" => <span class=sf-dump-const>null</span>
    \"<span class=sf-dump-key>father_job_type</span>\" => <span class=sf-dump-const>null</span>
    \"<span class=sf-dump-key>mother_is_alive</span>\" => <span class=sf-dump-num>0</span>
    \"<span class=sf-dump-key>mother_name</span>\" => <span class=sf-dump-const>null</span>
    \"<span class=sf-dump-key>mother_occupation</span>\" => <span class=sf-dump-const>null</span>
    \"<span class=sf-dump-key>mother_organization</span>\" => <span class=sf-dump-const>null</span>
    \"<span class=sf-dump-key>mother_job_type</span>\" => <span class=sf-dump-const>null</span>
    \"<span class=sf-dump-key>number_of_brothers_married</span>\" => <span class=sf-dump-const>null</span>
    \"<span class=sf-dump-key>number_of_brothers_unmarried</span>\" => <span class=sf-dump-const>null</span>
    \"<span class=sf-dump-key>brother_resident_place</span>\" => <span class=sf-dump-const>null</span>
    \"<span class=sf-dump-key>number_of_sisters_married</span>\" => <span class=sf-dump-const>null</span>
    \"<span class=sf-dump-key>number_of_sisters_unmarried</span>\" => <span class=sf-dump-const>null</span>
    \"<span class=sf-dump-key>sister_resident_place</span>\" => <span class=sf-dump-const>null</span>
    \"<span class=sf-dump-key>about_parents</span>\" => <span class=sf-dump-const>null</span>
    \"<span class=sf-dump-key>date_of_birth</span>\" => <span class=sf-dump-const>null</span>
    \"<span class=sf-dump-key>birth_time</span>\" => <span class=sf-dump-const>null</span>
    \"<span class=sf-dump-key>birth_place</span>\" => <span class=sf-dump-const>null</span>
    \"<span class=sf-dump-key>highest_education</span>\" => <span class=sf-dump-const>null</span>
    \"<span class=sf-dump-key>education_in_detail</span>\" => <span class=sf-dump-const>null</span>
    \"<span class=sf-dump-key>additional_degree</span>\" => <span class=sf-dump-const>null</span>
    \"<span class=sf-dump-key>occupation</span>\" => <span class=sf-dump-const>null</span>
    \"<span class=sf-dump-key>organization</span>\" => <span class=sf-dump-const>null</span>
    \"<span class=sf-dump-key>designation</span>\" => <span class=sf-dump-const>null</span>
    \"<span class=sf-dump-key>job_location</span>\" => <span class=sf-dump-const>null</span>
    \"<span class=sf-dump-key>job_experience</span>\" => <span class=sf-dump-const>null</span>
    \"<span class=sf-dump-key>income</span>\" => <span class=sf-dump-const>null</span>
    \"<span class=sf-dump-key>currency</span>\" => <span class=sf-dump-const>null</span>
    \"<span class=sf-dump-key>country</span>\" => <span class=sf-dump-const>null</span>
    \"<span class=sf-dump-key>state</span>\" => <span class=sf-dump-const>null</span>
    \"<span class=sf-dump-key>city</span>\" => <span class=sf-dump-const>null</span>
    \"<span class=sf-dump-key>address_line_1</span>\" => <span class=sf-dump-const>null</span>
    \"<span class=sf-dump-key>address_line_2</span>\" => <span class=sf-dump-const>null</span>
    \"<span class=sf-dump-key>landmark</span>\" => <span class=sf-dump-const>null</span>
    \"<span class=sf-dump-key>pincode</span>\" => <span class=sf-dump-const>null</span>
    \"<span class=sf-dump-key>mobile</span>\" => <span class=sf-dump-const>null</span>
    \"<span class=sf-dump-key>landline</span>\" => <span class=sf-dump-const>null</span>
    \"<span class=sf-dump-key>email</span>\" => \"<span class=sf-dump-str title=\"20 characters\">sanjeev@sanmisha.com</span>\"
    \"<span class=sf-dump-key>partner_min_age</span>\" => <span class=sf-dump-const>null</span>
    \"<span class=sf-dump-key>partner_max_age</span>\" => <span class=sf-dump-const>null</span>
    \"<span class=sf-dump-key>partner_min_height</span>\" => <span class=sf-dump-const>null</span>
    \"<span class=sf-dump-key>partner_max_height</span>\" => <span class=sf-dump-const>null</span>
    \"<span class=sf-dump-key>partner_income</span>\" => <span class=sf-dump-const>null</span>
    \"<span class=sf-dump-key>partner_currency</span>\" => <span class=sf-dump-const>null</span>
    \"<span class=sf-dump-key>want_to_see_patrika</span>\" => <span class=sf-dump-const>null</span>
    \"<span class=sf-dump-key>partner_sub_cast</span>\" => <span class=sf-dump-const>null</span>
    \"<span class=sf-dump-key>partner_eating_habbit</span>\" => <span class=sf-dump-const>null</span>
    \"<span class=sf-dump-key>partner_city_preference</span>\" => <span class=sf-dump-const>null</span>
    \"<span class=sf-dump-key>partner_education</span>\" => <span class=sf-dump-const>null</span>
    \"<span class=sf-dump-key>partner_education_specialization</span>\" => <span class=sf-dump-const>null</span>
    \"<span class=sf-dump-key>partner_job</span>\" => <span class=sf-dump-const>null</span>
    \"<span class=sf-dump-key>partner_business</span>\" => <span class=sf-dump-const>null</span>
    \"<span class=sf-dump-key>partner_foreign_resident</span>\" => <span class=sf-dump-const>null</span>
    \"<span class=sf-dump-key>when_meet</span>\" => <span class=sf-dump-num>0</span>
    \"<span class=sf-dump-key>rashee</span>\" => <span class=sf-dump-const>null</span>
    \"<span class=sf-dump-key>nakshatra</span>\" => <span class=sf-dump-const>null</span>
    \"<span class=sf-dump-key>mangal</span>\" => <span class=sf-dump-const>null</span>
    \"<span class=sf-dump-key>charan</span>\" => <span class=sf-dump-const>null</span>
    \"<span class=sf-dump-key>gana</span>\" => <span class=sf-dump-const>null</span>
    \"<span class=sf-dump-key>nadi</span>\" => <span class=sf-dump-const>null</span>
    \"<span class=sf-dump-key>chart</span>\" => <span class=sf-dump-const>null</span>
    \"<span class=sf-dump-key>more_about_patrika</span>\" => <span class=sf-dump-const>null</span>
    \"<span class=sf-dump-key>celestial_bodies</span>\" => <span class=sf-dump-const>null</span>
    \"<span class=sf-dump-key>created_at</span>\" => \"<span class=sf-dump-str title=\"19 characters\">2024-11-04 10:09:02</span>\"
    \"<span class=sf-dump-key>updated_at</span>\" => \"<span class=sf-dump-str title=\"19 characters\">2024-11-04 10:09:02</span>\"
  </samp>]
  #<span class=sf-dump-protected title=\"Protected property\">changes</span>: []
  #<span class=sf-dump-protected title=\"Protected property\">casts</span>: []
  #<span class=sf-dump-protected title=\"Protected property\">classCastCache</span>: []
  #<span class=sf-dump-protected title=\"Protected property\">attributeCastCache</span>: []
  #<span class=sf-dump-protected title=\"Protected property\">dateFormat</span>: <span class=sf-dump-const>null</span>
  #<span class=sf-dump-protected title=\"Protected property\">appends</span>: []
  #<span class=sf-dump-protected title=\"Protected property\">dispatchesEvents</span>: []
  #<span class=sf-dump-protected title=\"Protected property\">observables</span>: []
  #<span class=sf-dump-protected title=\"Protected property\">relations</span>: []
  #<span class=sf-dump-protected title=\"Protected property\">touches</span>: []
  +<span class=sf-dump-public title=\"Public property\">timestamps</span>: <span class=sf-dump-const>true</span>
  +<span class=sf-dump-public title=\"Public property\">usesUniqueIds</span>: <span class=sf-dump-const>false</span>
  #<span class=sf-dump-protected title=\"Protected property\">hidden</span>: []
  #<span class=sf-dump-protected title=\"Protected property\">visible</span>: []
  #<span class=sf-dump-protected title=\"Protected property\">fillable</span>: <span class=sf-dump-note>array:95</span> [<samp data-depth=2 class=sf-dump-compact>
    <span class=sf-dump-index>0</span> => \"<span class=sf-dump-str title=\"7 characters\">user_id</span>\"
    <span class=sf-dump-index>1</span> => \"<span class=sf-dump-str title=\"10 characters\">first_name</span>\"
    <span class=sf-dump-index>2</span> => \"<span class=sf-dump-str title=\"11 characters\">middle_name</span>\"
    <span class=sf-dump-index>3</span> => \"<span class=sf-dump-str title=\"9 characters\">last_name</span>\"
    <span class=sf-dump-index>4</span> => \"<span class=sf-dump-str title=\"13 characters\">mother_tongue</span>\"
    <span class=sf-dump-index>5</span> => \"<span class=sf-dump-str title=\"12 characters\">native_place</span>\"
    <span class=sf-dump-index>6</span> => \"<span class=sf-dump-str title=\"6 characters\">gender</span>\"
    <span class=sf-dump-index>7</span> => \"<span class=sf-dump-str title=\"14 characters\">marital_status</span>\"
    <span class=sf-dump-index>8</span> => \"<span class=sf-dump-str title=\"11 characters\">living_with</span>\"
    <span class=sf-dump-index>9</span> => \"<span class=sf-dump-str title=\"11 characters\">blood_group</span>\"
    <span class=sf-dump-index>10</span> => \"<span class=sf-dump-str title=\"6 characters\">height</span>\"
    <span class=sf-dump-index>11</span> => \"<span class=sf-dump-str title=\"6 characters\">weight</span>\"
    <span class=sf-dump-index>12</span> => \"<span class=sf-dump-str title=\"9 characters\">body_type</span>\"
    <span class=sf-dump-index>13</span> => \"<span class=sf-dump-str title=\"10 characters\">complexion</span>\"
    <span class=sf-dump-index>14</span> => \"<span class=sf-dump-str title=\"20 characters\">physical_abnormality</span>\"
    <span class=sf-dump-index>15</span> => \"<span class=sf-dump-str title=\"10 characters\">spectacles</span>\"
    <span class=sf-dump-index>16</span> => \"<span class=sf-dump-str title=\"4 characters\">lens</span>\"
    <span class=sf-dump-index>17</span> => \"<span class=sf-dump-str title=\"13 characters\">eating_habits</span>\"
    <span class=sf-dump-index>18</span> => \"<span class=sf-dump-str title=\"15 characters\">drinking_habits</span>\"
    <span class=sf-dump-index>19</span> => \"<span class=sf-dump-str title=\"14 characters\">smoking_habits</span>\"
    <span class=sf-dump-index>20</span> => \"<span class=sf-dump-str title=\"10 characters\">about_self</span>\"
    <span class=sf-dump-index>21</span> => \"<span class=sf-dump-str title=\"5 characters\">img_1</span>\"
    <span class=sf-dump-index>22</span> => \"<span class=sf-dump-str title=\"5 characters\">img_2</span>\"
    <span class=sf-dump-index>23</span> => \"<span class=sf-dump-str title=\"5 characters\">img_3</span>\"
    <span class=sf-dump-index>24</span> => \"<span class=sf-dump-str title=\"8 characters\">religion</span>\"
    <span class=sf-dump-index>25</span> => \"<span class=sf-dump-str title=\"5 characters\">caste</span>\"
    <span class=sf-dump-index>26</span> => \"<span class=sf-dump-str title=\"9 characters\">sub_caste</span>\"
    <span class=sf-dump-index>27</span> => \"<span class=sf-dump-str title=\"5 characters\">gotra</span>\"
    <span class=sf-dump-index>28</span> => \"<span class=sf-dump-str title=\"15 characters\">father_is_alive</span>\"
    <span class=sf-dump-index>29</span> => \"<span class=sf-dump-str title=\"11 characters\">father_name</span>\"
    <span class=sf-dump-index>30</span> => \"<span class=sf-dump-str title=\"17 characters\">father_occupation</span>\"
    <span class=sf-dump-index>31</span> => \"<span class=sf-dump-str title=\"19 characters\">father_organization</span>\"
    <span class=sf-dump-index>32</span> => \"<span class=sf-dump-str title=\"15 characters\">father_job_type</span>\"
    <span class=sf-dump-index>33</span> => \"<span class=sf-dump-str title=\"15 characters\">mother_is_alive</span>\"
    <span class=sf-dump-index>34</span> => \"<span class=sf-dump-str title=\"11 characters\">mother_name</span>\"
    <span class=sf-dump-index>35</span> => \"<span class=sf-dump-str title=\"17 characters\">mother_occupation</span>\"
    <span class=sf-dump-index>36</span> => \"<span class=sf-dump-str title=\"19 characters\">mother_organization</span>\"
    <span class=sf-dump-index>37</span> => \"<span class=sf-dump-str title=\"15 characters\">mother_job_type</span>\"
    <span class=sf-dump-index>38</span> => \"<span class=sf-dump-str title=\"26 characters\">number_of_brothers_married</span>\"
    <span class=sf-dump-index>39</span> => \"<span class=sf-dump-str title=\"28 characters\">number_of_brothers_unmarried</span>\"
    <span class=sf-dump-index>40</span> => \"<span class=sf-dump-str title=\"22 characters\">brother_resident_place</span>\"
    <span class=sf-dump-index>41</span> => \"<span class=sf-dump-str title=\"25 characters\">number_of_sisters_married</span>\"
    <span class=sf-dump-index>42</span> => \"<span class=sf-dump-str title=\"27 characters\">number_of_sisters_unmarried</span>\"
    <span class=sf-dump-index>43</span> => \"<span class=sf-dump-str title=\"21 characters\">sister_resident_place</span>\"
    <span class=sf-dump-index>44</span> => \"<span class=sf-dump-str title=\"13 characters\">about_parents</span>\"
    <span class=sf-dump-index>45</span> => \"<span class=sf-dump-str title=\"13 characters\">date_of_birth</span>\"
    <span class=sf-dump-index>46</span> => \"<span class=sf-dump-str title=\"10 characters\">birth_time</span>\"
    <span class=sf-dump-index>47</span> => \"<span class=sf-dump-str title=\"11 characters\">birth_place</span>\"
    <span class=sf-dump-index>48</span> => \"<span class=sf-dump-str title=\"17 characters\">highest_education</span>\"
    <span class=sf-dump-index>49</span> => \"<span class=sf-dump-str title=\"19 characters\">education_in_detail</span>\"
    <span class=sf-dump-index>50</span> => \"<span class=sf-dump-str title=\"17 characters\">additional_degree</span>\"
    <span class=sf-dump-index>51</span> => \"<span class=sf-dump-str title=\"10 characters\">occupation</span>\"
    <span class=sf-dump-index>52</span> => \"<span class=sf-dump-str title=\"12 characters\">organization</span>\"
    <span class=sf-dump-index>53</span> => \"<span class=sf-dump-str title=\"11 characters\">designation</span>\"
    <span class=sf-dump-index>54</span> => \"<span class=sf-dump-str title=\"12 characters\">job_location</span>\"
    <span class=sf-dump-index>55</span> => \"<span class=sf-dump-str title=\"14 characters\">job_experience</span>\"
    <span class=sf-dump-index>56</span> => \"<span class=sf-dump-str title=\"6 characters\">income</span>\"
    <span class=sf-dump-index>57</span> => \"<span class=sf-dump-str title=\"8 characters\">currency</span>\"
    <span class=sf-dump-index>58</span> => \"<span class=sf-dump-str title=\"7 characters\">country</span>\"
    <span class=sf-dump-index>59</span> => \"<span class=sf-dump-str title=\"5 characters\">state</span>\"
    <span class=sf-dump-index>60</span> => \"<span class=sf-dump-str title=\"4 characters\">city</span>\"
    <span class=sf-dump-index>61</span> => \"<span class=sf-dump-str title=\"14 characters\">address_line_1</span>\"
    <span class=sf-dump-index>62</span> => \"<span class=sf-dump-str title=\"14 characters\">address_line_2</span>\"
    <span class=sf-dump-index>63</span> => \"<span class=sf-dump-str title=\"8 characters\">landmark</span>\"
    <span class=sf-dump-index>64</span> => \"<span class=sf-dump-str title=\"7 characters\">pincode</span>\"
    <span class=sf-dump-index>65</span> => \"<span class=sf-dump-str title=\"6 characters\">mobile</span>\"
    <span class=sf-dump-index>66</span> => \"<span class=sf-dump-str title=\"8 characters\">landline</span>\"
    <span class=sf-dump-index>67</span> => \"<span class=sf-dump-str title=\"5 characters\">email</span>\"
    <span class=sf-dump-index>68</span> => \"<span class=sf-dump-str title=\"15 characters\">partner_min_age</span>\"
    <span class=sf-dump-index>69</span> => \"<span class=sf-dump-str title=\"15 characters\">partner_max_age</span>\"
    <span class=sf-dump-index>70</span> => \"<span class=sf-dump-str title=\"18 characters\">partner_min_height</span>\"
    <span class=sf-dump-index>71</span> => \"<span class=sf-dump-str title=\"18 characters\">partner_max_height</span>\"
    <span class=sf-dump-index>72</span> => \"<span class=sf-dump-str title=\"14 characters\">partner_income</span>\"
    <span class=sf-dump-index>73</span> => \"<span class=sf-dump-str title=\"16 characters\">partner_currency</span>\"
    <span class=sf-dump-index>74</span> => \"<span class=sf-dump-str title=\"19 characters\">want_to_see_patrika</span>\"
    <span class=sf-dump-index>75</span> => \"<span class=sf-dump-str title=\"16 characters\">partner_sub_cast</span>\"
    <span class=sf-dump-index>76</span> => \"<span class=sf-dump-str title=\"21 characters\">partner_eating_habbit</span>\"
    <span class=sf-dump-index>77</span> => \"<span class=sf-dump-str title=\"23 characters\">partner_city_preference</span>\"
    <span class=sf-dump-index>78</span> => \"<span class=sf-dump-str title=\"17 characters\">partner_education</span>\"
    <span class=sf-dump-index>79</span> => \"<span class=sf-dump-str title=\"32 characters\">partner_education_specialization</span>\"
    <span class=sf-dump-index>80</span> => \"<span class=sf-dump-str title=\"11 characters\">partner_job</span>\"
    <span class=sf-dump-index>81</span> => \"<span class=sf-dump-str title=\"16 characters\">partner_business</span>\"
    <span class=sf-dump-index>82</span> => \"<span class=sf-dump-str title=\"24 characters\">partner_foreign_resident</span>\"
    <span class=sf-dump-index>83</span> => \"<span class=sf-dump-str title=\"16 characters\">available_tokens</span>\"
    <span class=sf-dump-index>84</span> => \"<span class=sf-dump-str title=\"4 characters\">role</span>\"
    <span class=sf-dump-index>85</span> => \"<span class=sf-dump-str title=\"9 characters\">when_meet</span>\"
    <span class=sf-dump-index>86</span> => \"<span class=sf-dump-str title=\"6 characters\">rashee</span>\"
    <span class=sf-dump-index>87</span> => \"<span class=sf-dump-str title=\"9 characters\">nakshatra</span>\"
    <span class=sf-dump-index>88</span> => \"<span class=sf-dump-str title=\"6 characters\">mangal</span>\"
    <span class=sf-dump-index>89</span> => \"<span class=sf-dump-str title=\"6 characters\">charan</span>\"
    <span class=sf-dump-index>90</span> => \"<span class=sf-dump-str title=\"4 characters\">gana</span>\"
    <span class=sf-dump-index>91</span> => \"<span class=sf-dump-str title=\"4 characters\">nadi</span>\"
    <span class=sf-dump-index>92</span> => \"<span class=sf-dump-str title=\"5 characters\">chart</span>\"
    <span class=sf-dump-index>93</span> => \"<span class=sf-dump-str title=\"18 characters\">more_about_patrika</span>\"
    <span class=sf-dump-index>94</span> => \"<span class=sf-dump-str title=\"16 characters\">celestial_bodies</span>\"
  </samp>]
  #<span class=sf-dump-protected title=\"Protected property\">guarded</span>: <span class=sf-dump-note>array:1</span> [<samp data-depth=2 class=sf-dump-compact>
    <span class=sf-dump-index>0</span> => \"<span class=sf-dump-str>*</span>\"
  </samp>]
</samp>}
</pre><script>Sfdump(\"sf-dump-1350119895\", {\"maxDepth\":3,\"maxStringLength\":160})</script>
","castes":"<pre class=sf-dump id=sf-dump-1692288896 data-indent-pad=\"  \"><span class=sf-dump-note>Illuminate\\Database\\Eloquent\\Collection</span> {<a class=sf-dump-ref>#1462</a><samp data-depth=1 class=sf-dump-expanded>
  #<span class=sf-dump-protected title=\"Protected property\">items</span>: <span class=sf-dump-note>array:1</span> [<samp data-depth=2 class=sf-dump-compact>
    <span class=sf-dump-index>0</span> => <span class=sf-dump-note title=\"App\\Models\\Caste
\"><span class=\"sf-dump-ellipsis sf-dump-ellipsis-note\">App\\Models</span><span class=\"sf-dump-ellipsis sf-dump-ellipsis-note\">\\</span>Caste</span> {<a class=sf-dump-ref>#1702</a><samp data-depth=3 class=sf-dump-compact>
      #<span class=sf-dump-protected title=\"Protected property\">connection</span>: \"<span class=sf-dump-str title=\"5 characters\">mysql</span>\"
      #<span class=sf-dump-protected title=\"Protected property\">table</span>: \"<span class=sf-dump-str title=\"6 characters\">castes</span>\"
      #<span class=sf-dump-protected title=\"Protected property\">primaryKey</span>: \"<span class=sf-dump-str title=\"2 characters\">id</span>\"
      #<span class=sf-dump-protected title=\"Protected property\">keyType</span>: \"<span class=sf-dump-str title=\"3 characters\">int</span>\"
      +<span class=sf-dump-public title=\"Public property\">incrementing</span>: <span class=sf-dump-const>true</span>
      #<span class=sf-dump-protected title=\"Protected property\">with</span>: []
      #<span class=sf-dump-protected title=\"Protected property\">withCount</span>: []
      +<span class=sf-dump-public title=\"Public property\">preventsLazyLoading</span>: <span class=sf-dump-const>false</span>
      #<span class=sf-dump-protected title=\"Protected property\">perPage</span>: <span class=sf-dump-num>15</span>
      +<span class=sf-dump-public title=\"Public property\">exists</span>: <span class=sf-dump-const>true</span>
      +<span class=sf-dump-public title=\"Public property\">wasRecentlyCreated</span>: <span class=sf-dump-const>false</span>
      #<span class=sf-dump-protected title=\"Protected property\">escapeWhenCastingToString</span>: <span class=sf-dump-const>false</span>
      #<span class=sf-dump-protected title=\"Protected property\">attributes</span>: <span class=sf-dump-note>array:4</span> [ &#8230;4]
      #<span class=sf-dump-protected title=\"Protected property\">original</span>: <span class=sf-dump-note>array:4</span> [ &#8230;4]
      #<span class=sf-dump-protected title=\"Protected property\">changes</span>: []
      #<span class=sf-dump-protected title=\"Protected property\">casts</span>: []
      #<span class=sf-dump-protected title=\"Protected property\">classCastCache</span>: []
      #<span class=sf-dump-protected title=\"Protected property\">attributeCastCache</span>: []
      #<span class=sf-dump-protected title=\"Protected property\">dateFormat</span>: <span class=sf-dump-const>null</span>
      #<span class=sf-dump-protected title=\"Protected property\">appends</span>: []
      #<span class=sf-dump-protected title=\"Protected property\">dispatchesEvents</span>: []
      #<span class=sf-dump-protected title=\"Protected property\">observables</span>: []
      #<span class=sf-dump-protected title=\"Protected property\">relations</span>: []
      #<span class=sf-dump-protected title=\"Protected property\">touches</span>: []
      +<span class=sf-dump-public title=\"Public property\">timestamps</span>: <span class=sf-dump-const>true</span>
      +<span class=sf-dump-public title=\"Public property\">usesUniqueIds</span>: <span class=sf-dump-const>false</span>
      #<span class=sf-dump-protected title=\"Protected property\">hidden</span>: []
      #<span class=sf-dump-protected title=\"Protected property\">visible</span>: []
      #<span class=sf-dump-protected title=\"Protected property\">fillable</span>: <span class=sf-dump-note>array:1</span> [ &#8230;1]
      #<span class=sf-dump-protected title=\"Protected property\">guarded</span>: <span class=sf-dump-note>array:1</span> [ &#8230;1]
    </samp>}
  </samp>]
  #<span class=sf-dump-protected title=\"Protected property\">escapeWhenCastingToString</span>: <span class=sf-dump-const>false</span>
</samp>}
</pre><script>Sfdump(\"sf-dump-1692288896\", {\"maxDepth\":3,\"maxStringLength\":160})</script>
","subCastes":"<pre class=sf-dump id=sf-dump-1720316334 data-indent-pad=\"  \"><span class=sf-dump-note>Illuminate\\Database\\Eloquent\\Collection</span> {<a class=sf-dump-ref>#1715</a><samp data-depth=1 class=sf-dump-expanded>
  #<span class=sf-dump-protected title=\"Protected property\">items</span>: <span class=sf-dump-note>array:6</span> [<samp data-depth=2 class=sf-dump-compact>
    <span class=sf-dump-index>0</span> => <span class=sf-dump-note title=\"App\\Models\\SubCaste
\"><span class=\"sf-dump-ellipsis sf-dump-ellipsis-note\">App\\Models</span><span class=\"sf-dump-ellipsis sf-dump-ellipsis-note\">\\</span>SubCaste</span> {<a class=sf-dump-ref>#1714</a><samp data-depth=3 class=sf-dump-compact>
      #<span class=sf-dump-protected title=\"Protected property\">connection</span>: \"<span class=sf-dump-str title=\"5 characters\">mysql</span>\"
      #<span class=sf-dump-protected title=\"Protected property\">table</span>: \"<span class=sf-dump-str title=\"10 characters\">sub_castes</span>\"
      #<span class=sf-dump-protected title=\"Protected property\">primaryKey</span>: \"<span class=sf-dump-str title=\"2 characters\">id</span>\"
      #<span class=sf-dump-protected title=\"Protected property\">keyType</span>: \"<span class=sf-dump-str title=\"3 characters\">int</span>\"
      +<span class=sf-dump-public title=\"Public property\">incrementing</span>: <span class=sf-dump-const>true</span>
      #<span class=sf-dump-protected title=\"Protected property\">with</span>: []
      #<span class=sf-dump-protected title=\"Protected property\">withCount</span>: []
      +<span class=sf-dump-public title=\"Public property\">preventsLazyLoading</span>: <span class=sf-dump-const>false</span>
      #<span class=sf-dump-protected title=\"Protected property\">perPage</span>: <span class=sf-dump-num>15</span>
      +<span class=sf-dump-public title=\"Public property\">exists</span>: <span class=sf-dump-const>true</span>
      +<span class=sf-dump-public title=\"Public property\">wasRecentlyCreated</span>: <span class=sf-dump-const>false</span>
      #<span class=sf-dump-protected title=\"Protected property\">escapeWhenCastingToString</span>: <span class=sf-dump-const>false</span>
      #<span class=sf-dump-protected title=\"Protected property\">attributes</span>: <span class=sf-dump-note>array:4</span> [ &#8230;4]
      #<span class=sf-dump-protected title=\"Protected property\">original</span>: <span class=sf-dump-note>array:4</span> [ &#8230;4]
      #<span class=sf-dump-protected title=\"Protected property\">changes</span>: []
      #<span class=sf-dump-protected title=\"Protected property\">casts</span>: []
      #<span class=sf-dump-protected title=\"Protected property\">classCastCache</span>: []
      #<span class=sf-dump-protected title=\"Protected property\">attributeCastCache</span>: []
      #<span class=sf-dump-protected title=\"Protected property\">dateFormat</span>: <span class=sf-dump-const>null</span>
      #<span class=sf-dump-protected title=\"Protected property\">appends</span>: []
      #<span class=sf-dump-protected title=\"Protected property\">dispatchesEvents</span>: []
      #<span class=sf-dump-protected title=\"Protected property\">observables</span>: []
      #<span class=sf-dump-protected title=\"Protected property\">relations</span>: []
      #<span class=sf-dump-protected title=\"Protected property\">touches</span>: []
      +<span class=sf-dump-public title=\"Public property\">timestamps</span>: <span class=sf-dump-const>true</span>
      +<span class=sf-dump-public title=\"Public property\">usesUniqueIds</span>: <span class=sf-dump-const>false</span>
      #<span class=sf-dump-protected title=\"Protected property\">hidden</span>: []
      #<span class=sf-dump-protected title=\"Protected property\">visible</span>: []
      #<span class=sf-dump-protected title=\"Protected property\">fillable</span>: <span class=sf-dump-note>array:1</span> [ &#8230;1]
      #<span class=sf-dump-protected title=\"Protected property\">guarded</span>: <span class=sf-dump-note>array:1</span> [ &#8230;1]
    </samp>}
    <span class=sf-dump-index>1</span> => <span class=sf-dump-note title=\"App\\Models\\SubCaste
\"><span class=\"sf-dump-ellipsis sf-dump-ellipsis-note\">App\\Models</span><span class=\"sf-dump-ellipsis sf-dump-ellipsis-note\">\\</span>SubCaste</span> {<a class=sf-dump-ref>#1717</a><samp data-depth=3 class=sf-dump-compact>
      #<span class=sf-dump-protected title=\"Protected property\">connection</span>: \"<span class=sf-dump-str title=\"5 characters\">mysql</span>\"
      #<span class=sf-dump-protected title=\"Protected property\">table</span>: \"<span class=sf-dump-str title=\"10 characters\">sub_castes</span>\"
      #<span class=sf-dump-protected title=\"Protected property\">primaryKey</span>: \"<span class=sf-dump-str title=\"2 characters\">id</span>\"
      #<span class=sf-dump-protected title=\"Protected property\">keyType</span>: \"<span class=sf-dump-str title=\"3 characters\">int</span>\"
      +<span class=sf-dump-public title=\"Public property\">incrementing</span>: <span class=sf-dump-const>true</span>
      #<span class=sf-dump-protected title=\"Protected property\">with</span>: []
      #<span class=sf-dump-protected title=\"Protected property\">withCount</span>: []
      +<span class=sf-dump-public title=\"Public property\">preventsLazyLoading</span>: <span class=sf-dump-const>false</span>
      #<span class=sf-dump-protected title=\"Protected property\">perPage</span>: <span class=sf-dump-num>15</span>
      +<span class=sf-dump-public title=\"Public property\">exists</span>: <span class=sf-dump-const>true</span>
      +<span class=sf-dump-public title=\"Public property\">wasRecentlyCreated</span>: <span class=sf-dump-const>false</span>
      #<span class=sf-dump-protected title=\"Protected property\">escapeWhenCastingToString</span>: <span class=sf-dump-const>false</span>
      #<span class=sf-dump-protected title=\"Protected property\">attributes</span>: <span class=sf-dump-note>array:4</span> [ &#8230;4]
      #<span class=sf-dump-protected title=\"Protected property\">original</span>: <span class=sf-dump-note>array:4</span> [ &#8230;4]
      #<span class=sf-dump-protected title=\"Protected property\">changes</span>: []
      #<span class=sf-dump-protected title=\"Protected property\">casts</span>: []
      #<span class=sf-dump-protected title=\"Protected property\">classCastCache</span>: []
      #<span class=sf-dump-protected title=\"Protected property\">attributeCastCache</span>: []
      #<span class=sf-dump-protected title=\"Protected property\">dateFormat</span>: <span class=sf-dump-const>null</span>
      #<span class=sf-dump-protected title=\"Protected property\">appends</span>: []
      #<span class=sf-dump-protected title=\"Protected property\">dispatchesEvents</span>: []
      #<span class=sf-dump-protected title=\"Protected property\">observables</span>: []
      #<span class=sf-dump-protected title=\"Protected property\">relations</span>: []
      #<span class=sf-dump-protected title=\"Protected property\">touches</span>: []
      +<span class=sf-dump-public title=\"Public property\">timestamps</span>: <span class=sf-dump-const>true</span>
      +<span class=sf-dump-public title=\"Public property\">usesUniqueIds</span>: <span class=sf-dump-const>false</span>
      #<span class=sf-dump-protected title=\"Protected property\">hidden</span>: []
      #<span class=sf-dump-protected title=\"Protected property\">visible</span>: []
      #<span class=sf-dump-protected title=\"Protected property\">fillable</span>: <span class=sf-dump-note>array:1</span> [ &#8230;1]
      #<span class=sf-dump-protected title=\"Protected property\">guarded</span>: <span class=sf-dump-note>array:1</span> [ &#8230;1]
    </samp>}
    <span class=sf-dump-index>2</span> => <span class=sf-dump-note title=\"App\\Models\\SubCaste
\"><span class=\"sf-dump-ellipsis sf-dump-ellipsis-note\">App\\Models</span><span class=\"sf-dump-ellipsis sf-dump-ellipsis-note\">\\</span>SubCaste</span> {<a class=sf-dump-ref>#1718</a><samp data-depth=3 class=sf-dump-compact>
      #<span class=sf-dump-protected title=\"Protected property\">connection</span>: \"<span class=sf-dump-str title=\"5 characters\">mysql</span>\"
      #<span class=sf-dump-protected title=\"Protected property\">table</span>: \"<span class=sf-dump-str title=\"10 characters\">sub_castes</span>\"
      #<span class=sf-dump-protected title=\"Protected property\">primaryKey</span>: \"<span class=sf-dump-str title=\"2 characters\">id</span>\"
      #<span class=sf-dump-protected title=\"Protected property\">keyType</span>: \"<span class=sf-dump-str title=\"3 characters\">int</span>\"
      +<span class=sf-dump-public title=\"Public property\">incrementing</span>: <span class=sf-dump-const>true</span>
      #<span class=sf-dump-protected title=\"Protected property\">with</span>: []
      #<span class=sf-dump-protected title=\"Protected property\">withCount</span>: []
      +<span class=sf-dump-public title=\"Public property\">preventsLazyLoading</span>: <span class=sf-dump-const>false</span>
      #<span class=sf-dump-protected title=\"Protected property\">perPage</span>: <span class=sf-dump-num>15</span>
      +<span class=sf-dump-public title=\"Public property\">exists</span>: <span class=sf-dump-const>true</span>
      +<span class=sf-dump-public title=\"Public property\">wasRecentlyCreated</span>: <span class=sf-dump-const>false</span>
      #<span class=sf-dump-protected title=\"Protected property\">escapeWhenCastingToString</span>: <span class=sf-dump-const>false</span>
      #<span class=sf-dump-protected title=\"Protected property\">attributes</span>: <span class=sf-dump-note>array:4</span> [ &#8230;4]
      #<span class=sf-dump-protected title=\"Protected property\">original</span>: <span class=sf-dump-note>array:4</span> [ &#8230;4]
      #<span class=sf-dump-protected title=\"Protected property\">changes</span>: []
      #<span class=sf-dump-protected title=\"Protected property\">casts</span>: []
      #<span class=sf-dump-protected title=\"Protected property\">classCastCache</span>: []
      #<span class=sf-dump-protected title=\"Protected property\">attributeCastCache</span>: []
      #<span class=sf-dump-protected title=\"Protected property\">dateFormat</span>: <span class=sf-dump-const>null</span>
      #<span class=sf-dump-protected title=\"Protected property\">appends</span>: []
      #<span class=sf-dump-protected title=\"Protected property\">dispatchesEvents</span>: []
      #<span class=sf-dump-protected title=\"Protected property\">observables</span>: []
      #<span class=sf-dump-protected title=\"Protected property\">relations</span>: []
      #<span class=sf-dump-protected title=\"Protected property\">touches</span>: []
      +<span class=sf-dump-public title=\"Public property\">timestamps</span>: <span class=sf-dump-const>true</span>
      +<span class=sf-dump-public title=\"Public property\">usesUniqueIds</span>: <span class=sf-dump-const>false</span>
      #<span class=sf-dump-protected title=\"Protected property\">hidden</span>: []
      #<span class=sf-dump-protected title=\"Protected property\">visible</span>: []
      #<span class=sf-dump-protected title=\"Protected property\">fillable</span>: <span class=sf-dump-note>array:1</span> [ &#8230;1]
      #<span class=sf-dump-protected title=\"Protected property\">guarded</span>: <span class=sf-dump-note>array:1</span> [ &#8230;1]
    </samp>}
    <span class=sf-dump-index>3</span> => <span class=sf-dump-note title=\"App\\Models\\SubCaste
\"><span class=\"sf-dump-ellipsis sf-dump-ellipsis-note\">App\\Models</span><span class=\"sf-dump-ellipsis sf-dump-ellipsis-note\">\\</span>SubCaste</span> {<a class=sf-dump-ref>#1716</a><samp data-depth=3 class=sf-dump-compact>
      #<span class=sf-dump-protected title=\"Protected property\">connection</span>: \"<span class=sf-dump-str title=\"5 characters\">mysql</span>\"
      #<span class=sf-dump-protected title=\"Protected property\">table</span>: \"<span class=sf-dump-str title=\"10 characters\">sub_castes</span>\"
      #<span class=sf-dump-protected title=\"Protected property\">primaryKey</span>: \"<span class=sf-dump-str title=\"2 characters\">id</span>\"
      #<span class=sf-dump-protected title=\"Protected property\">keyType</span>: \"<span class=sf-dump-str title=\"3 characters\">int</span>\"
      +<span class=sf-dump-public title=\"Public property\">incrementing</span>: <span class=sf-dump-const>true</span>
      #<span class=sf-dump-protected title=\"Protected property\">with</span>: []
      #<span class=sf-dump-protected title=\"Protected property\">withCount</span>: []
      +<span class=sf-dump-public title=\"Public property\">preventsLazyLoading</span>: <span class=sf-dump-const>false</span>
      #<span class=sf-dump-protected title=\"Protected property\">perPage</span>: <span class=sf-dump-num>15</span>
      +<span class=sf-dump-public title=\"Public property\">exists</span>: <span class=sf-dump-const>true</span>
      +<span class=sf-dump-public title=\"Public property\">wasRecentlyCreated</span>: <span class=sf-dump-const>false</span>
      #<span class=sf-dump-protected title=\"Protected property\">escapeWhenCastingToString</span>: <span class=sf-dump-const>false</span>
      #<span class=sf-dump-protected title=\"Protected property\">attributes</span>: <span class=sf-dump-note>array:4</span> [ &#8230;4]
      #<span class=sf-dump-protected title=\"Protected property\">original</span>: <span class=sf-dump-note>array:4</span> [ &#8230;4]
      #<span class=sf-dump-protected title=\"Protected property\">changes</span>: []
      #<span class=sf-dump-protected title=\"Protected property\">casts</span>: []
      #<span class=sf-dump-protected title=\"Protected property\">classCastCache</span>: []
      #<span class=sf-dump-protected title=\"Protected property\">attributeCastCache</span>: []
      #<span class=sf-dump-protected title=\"Protected property\">dateFormat</span>: <span class=sf-dump-const>null</span>
      #<span class=sf-dump-protected title=\"Protected property\">appends</span>: []
      #<span class=sf-dump-protected title=\"Protected property\">dispatchesEvents</span>: []
      #<span class=sf-dump-protected title=\"Protected property\">observables</span>: []
      #<span class=sf-dump-protected title=\"Protected property\">relations</span>: []
      #<span class=sf-dump-protected title=\"Protected property\">touches</span>: []
      +<span class=sf-dump-public title=\"Public property\">timestamps</span>: <span class=sf-dump-const>true</span>
      +<span class=sf-dump-public title=\"Public property\">usesUniqueIds</span>: <span class=sf-dump-const>false</span>
      #<span class=sf-dump-protected title=\"Protected property\">hidden</span>: []
      #<span class=sf-dump-protected title=\"Protected property\">visible</span>: []
      #<span class=sf-dump-protected title=\"Protected property\">fillable</span>: <span class=sf-dump-note>array:1</span> [ &#8230;1]
      #<span class=sf-dump-protected title=\"Protected property\">guarded</span>: <span class=sf-dump-note>array:1</span> [ &#8230;1]
    </samp>}
    <span class=sf-dump-index>4</span> => <span class=sf-dump-note title=\"App\\Models\\SubCaste
\"><span class=\"sf-dump-ellipsis sf-dump-ellipsis-note\">App\\Models</span><span class=\"sf-dump-ellipsis sf-dump-ellipsis-note\">\\</span>SubCaste</span> {<a class=sf-dump-ref>#1719</a><samp data-depth=3 class=sf-dump-compact>
      #<span class=sf-dump-protected title=\"Protected property\">connection</span>: \"<span class=sf-dump-str title=\"5 characters\">mysql</span>\"
      #<span class=sf-dump-protected title=\"Protected property\">table</span>: \"<span class=sf-dump-str title=\"10 characters\">sub_castes</span>\"
      #<span class=sf-dump-protected title=\"Protected property\">primaryKey</span>: \"<span class=sf-dump-str title=\"2 characters\">id</span>\"
      #<span class=sf-dump-protected title=\"Protected property\">keyType</span>: \"<span class=sf-dump-str title=\"3 characters\">int</span>\"
      +<span class=sf-dump-public title=\"Public property\">incrementing</span>: <span class=sf-dump-const>true</span>
      #<span class=sf-dump-protected title=\"Protected property\">with</span>: []
      #<span class=sf-dump-protected title=\"Protected property\">withCount</span>: []
      +<span class=sf-dump-public title=\"Public property\">preventsLazyLoading</span>: <span class=sf-dump-const>false</span>
      #<span class=sf-dump-protected title=\"Protected property\">perPage</span>: <span class=sf-dump-num>15</span>
      +<span class=sf-dump-public title=\"Public property\">exists</span>: <span class=sf-dump-const>true</span>
      +<span class=sf-dump-public title=\"Public property\">wasRecentlyCreated</span>: <span class=sf-dump-const>false</span>
      #<span class=sf-dump-protected title=\"Protected property\">escapeWhenCastingToString</span>: <span class=sf-dump-const>false</span>
      #<span class=sf-dump-protected title=\"Protected property\">attributes</span>: <span class=sf-dump-note>array:4</span> [ &#8230;4]
      #<span class=sf-dump-protected title=\"Protected property\">original</span>: <span class=sf-dump-note>array:4</span> [ &#8230;4]
      #<span class=sf-dump-protected title=\"Protected property\">changes</span>: []
      #<span class=sf-dump-protected title=\"Protected property\">casts</span>: []
      #<span class=sf-dump-protected title=\"Protected property\">classCastCache</span>: []
      #<span class=sf-dump-protected title=\"Protected property\">attributeCastCache</span>: []
      #<span class=sf-dump-protected title=\"Protected property\">dateFormat</span>: <span class=sf-dump-const>null</span>
      #<span class=sf-dump-protected title=\"Protected property\">appends</span>: []
      #<span class=sf-dump-protected title=\"Protected property\">dispatchesEvents</span>: []
      #<span class=sf-dump-protected title=\"Protected property\">observables</span>: []
      #<span class=sf-dump-protected title=\"Protected property\">relations</span>: []
      #<span class=sf-dump-protected title=\"Protected property\">touches</span>: []
      +<span class=sf-dump-public title=\"Public property\">timestamps</span>: <span class=sf-dump-const>true</span>
      +<span class=sf-dump-public title=\"Public property\">usesUniqueIds</span>: <span class=sf-dump-const>false</span>
      #<span class=sf-dump-protected title=\"Protected property\">hidden</span>: []
      #<span class=sf-dump-protected title=\"Protected property\">visible</span>: []
      #<span class=sf-dump-protected title=\"Protected property\">fillable</span>: <span class=sf-dump-note>array:1</span> [ &#8230;1]
      #<span class=sf-dump-protected title=\"Protected property\">guarded</span>: <span class=sf-dump-note>array:1</span> [ &#8230;1]
    </samp>}
    <span class=sf-dump-index>5</span> => <span class=sf-dump-note title=\"App\\Models\\SubCaste
\"><span class=\"sf-dump-ellipsis sf-dump-ellipsis-note\">App\\Models</span><span class=\"sf-dump-ellipsis sf-dump-ellipsis-note\">\\</span>SubCaste</span> {<a class=sf-dump-ref>#1720</a><samp data-depth=3 class=sf-dump-compact>
      #<span class=sf-dump-protected title=\"Protected property\">connection</span>: \"<span class=sf-dump-str title=\"5 characters\">mysql</span>\"
      #<span class=sf-dump-protected title=\"Protected property\">table</span>: \"<span class=sf-dump-str title=\"10 characters\">sub_castes</span>\"
      #<span class=sf-dump-protected title=\"Protected property\">primaryKey</span>: \"<span class=sf-dump-str title=\"2 characters\">id</span>\"
      #<span class=sf-dump-protected title=\"Protected property\">keyType</span>: \"<span class=sf-dump-str title=\"3 characters\">int</span>\"
      +<span class=sf-dump-public title=\"Public property\">incrementing</span>: <span class=sf-dump-const>true</span>
      #<span class=sf-dump-protected title=\"Protected property\">with</span>: []
      #<span class=sf-dump-protected title=\"Protected property\">withCount</span>: []
      +<span class=sf-dump-public title=\"Public property\">preventsLazyLoading</span>: <span class=sf-dump-const>false</span>
      #<span class=sf-dump-protected title=\"Protected property\">perPage</span>: <span class=sf-dump-num>15</span>
      +<span class=sf-dump-public title=\"Public property\">exists</span>: <span class=sf-dump-const>true</span>
      +<span class=sf-dump-public title=\"Public property\">wasRecentlyCreated</span>: <span class=sf-dump-const>false</span>
      #<span class=sf-dump-protected title=\"Protected property\">escapeWhenCastingToString</span>: <span class=sf-dump-const>false</span>
      #<span class=sf-dump-protected title=\"Protected property\">attributes</span>: <span class=sf-dump-note>array:4</span> [ &#8230;4]
      #<span class=sf-dump-protected title=\"Protected property\">original</span>: <span class=sf-dump-note>array:4</span> [ &#8230;4]
      #<span class=sf-dump-protected title=\"Protected property\">changes</span>: []
      #<span class=sf-dump-protected title=\"Protected property\">casts</span>: []
      #<span class=sf-dump-protected title=\"Protected property\">classCastCache</span>: []
      #<span class=sf-dump-protected title=\"Protected property\">attributeCastCache</span>: []
      #<span class=sf-dump-protected title=\"Protected property\">dateFormat</span>: <span class=sf-dump-const>null</span>
      #<span class=sf-dump-protected title=\"Protected property\">appends</span>: []
      #<span class=sf-dump-protected title=\"Protected property\">dispatchesEvents</span>: []
      #<span class=sf-dump-protected title=\"Protected property\">observables</span>: []
      #<span class=sf-dump-protected title=\"Protected property\">relations</span>: []
      #<span class=sf-dump-protected title=\"Protected property\">touches</span>: []
      +<span class=sf-dump-public title=\"Public property\">timestamps</span>: <span class=sf-dump-const>true</span>
      +<span class=sf-dump-public title=\"Public property\">usesUniqueIds</span>: <span class=sf-dump-const>false</span>
      #<span class=sf-dump-protected title=\"Protected property\">hidden</span>: []
      #<span class=sf-dump-protected title=\"Protected property\">visible</span>: []
      #<span class=sf-dump-protected title=\"Protected property\">fillable</span>: <span class=sf-dump-note>array:1</span> [ &#8230;1]
      #<span class=sf-dump-protected title=\"Protected property\">guarded</span>: <span class=sf-dump-note>array:1</span> [ &#8230;1]
    </samp>}
  </samp>]
  #<span class=sf-dump-protected title=\"Protected property\">escapeWhenCastingToString</span>: <span class=sf-dump-const>false</span>
</samp>}
</pre><script>Sfdump(\"sf-dump-1720316334\", {\"maxDepth\":3,\"maxStringLength\":160})</script>
"}},"userId":1,"exception":"[object] (Spatie\\LaravelIgnition\\Exceptions\\ViewException(code: 0): foreach() argument must be of type array|object, null given at /home1/sanmiuce/public_html/matrimonial/resources/views/admin/user_profiles/edit.blade.php:52)
[stacktrace]
#0 /home1/sanmiuce/public_html/matrimonial/vendor/laravel/framework/src/Illuminate/Filesystem/Filesystem.php(123): require('/home1/sanmiuce...')
#1 /home1/sanmiuce/public_html/matrimonial/vendor/laravel/framework/src/Illuminate/Filesystem/Filesystem.php(124): Illuminate\\Filesystem\\Filesystem::Illuminate\\Filesystem\\{closure}()
#2 /home1/sanmiuce/public_html/matrimonial/vendor/laravel/framework/src/Illuminate/View/Engines/PhpEngine.php(58): Illuminate\\Filesystem\\Filesystem->getRequire('/home1/sanmiuce...', Array)
#3 /home1/sanmiuce/public_html/matrimonial/vendor/laravel/framework/src/Illuminate/View/Engines/CompilerEngine.php(72): Illuminate\\View\\Engines\\PhpEngine->evaluatePath('/home1/sanmiuce...', Array)
#4 /home1/sanmiuce/public_html/matrimonial/vendor/laravel/framework/src/Illuminate/View/View.php(207): Illuminate\\View\\Engines\\CompilerEngine->get('/home1/sanmiuce...', Array)
#5 /home1/sanmiuce/public_html/matrimonial/vendor/laravel/framework/src/Illuminate/View/View.php(190): Illuminate\\View\\View->getContents()
#6 /home1/sanmiuce/public_html/matrimonial/vendor/laravel/framework/src/Illuminate/View/View.php(159): Illuminate\\View\\View->renderContents()
#7 /home1/sanmiuce/public_html/matrimonial/vendor/laravel/framework/src/Illuminate/Http/Response.php(69): Illuminate\\View\\View->render()
#8 /home1/sanmiuce/public_html/matrimonial/vendor/laravel/framework/src/Illuminate/Http/Response.php(35): Illuminate\\Http\\Response->setContent(Object(Illuminate\\View\\View))
#9 /home1/sanmiuce/public_html/matrimonial/vendor/laravel/framework/src/Illuminate/Routing/Router.php(918): Illuminate\\Http\\Response->__construct(Object(Illuminate\\View\\View), 200, Array)
#10 /home1/sanmiuce/public_html/matrimonial/vendor/laravel/framework/src/Illuminate/Routing/Router.php(885): Illuminate\\Routing\\Router::toResponse(Object(Illuminate\\Http\\Request), Object(Illuminate\\View\\View))
#11 /home1/sanmiuce/public_html/matrimonial/vendor/laravel/framework/src/Illuminate/Routing/Router.php(805): Illuminate\\Routing\\Router->prepareResponse(Object(Illuminate\\Http\\Request), Object(Illuminate\\View\\View))
#12 /home1/sanmiuce/public_html/matrimonial/vendor/laravel/framework/src/Illuminate/Pipeline/Pipeline.php(144): Illuminate\\Routing\\Router->Illuminate\\Routing\\{closure}(Object(Illuminate\\Http\\Request))
#13 /home1/sanmiuce/public_html/matrimonial/app/Http/Middleware/PermissionMiddleware.php(35): Illuminate\\Pipeline\\Pipeline->Illuminate\\Pipeline\\{closure}(Object(Illuminate\\Http\\Request))
#14 /home1/sanmiuce/public_html/matrimonial/vendor/laravel/framework/src/Illuminate/Pipeline/Pipeline.php(183): App\\Http\\Middleware\\PermissionMiddleware->handle(Object(Illuminate\\Http\\Request), Object(Closure))
#15 /home1/sanmiuce/public_html/matrimonial/vendor/laravel/framework/src/Illuminate/Routing/Middleware/SubstituteBindings.php(50): Illuminate\\Pipeline\\Pipeline->Illuminate\\Pipeline\\{closure}(Object(Illuminate\\Http\\Request))
#16 /home1/sanmiuce/public_html/matrimonial/vendor/laravel/framework/src/Illuminate/Pipeline/Pipeline.php(183): Illuminate\\Routing\\Middleware\\SubstituteBindings->handle(Object(Illuminate\\Http\\Request), Object(Closure))
#17 /home1/sanmiuce/public_html/matrimonial/vendor/laravel/framework/src/Illuminate/Auth/Middleware/Authenticate.php(57): Illuminate\\Pipeline\\Pipeline->Illuminate\\Pipeline\\{closure}(Object(Illuminate\\Http\\Request))
#18 /home1/sanmiuce/public_html/matrimonial/vendor/laravel/framework/src/Illuminate/Pipeline/Pipeline.php(183): Illuminate\\Auth\\Middleware\\Authenticate->handle(Object(Illuminate\\Http\\Request), Object(Closure))
#19 /home1/sanmiuce/public_html/matrimonial/vendor/laravel/framework/src/Illuminate/Foundation/Http/Middleware/VerifyCsrfToken.php(78): Illuminate\\Pipeline\\Pipeline->Illuminate\\Pipeline\\{closure}(Object(Illuminate\\Http\\Request))
#20 /home1/sanmiuce/public_html/matrimonial/vendor/laravel/framework/src/Illuminate/Pipeline/Pipeline.php(183): Illuminate\\Foundation\\Http\\Middleware\\VerifyCsrfToken->handle(Object(Illuminate\\Http\\Request), Object(Closure))
#21 /home1/sanmiuce/public_html/matrimonial/vendor/laravel/framework/src/Illuminate/View/Middleware/ShareErrorsFromSession.php(49): Illuminate\\Pipeline\\Pipeline->Illuminate\\Pipeline\\{closure}(Object(Illuminate\\Http\\Request))
#22 /home1/sanmiuce/public_html/matrimonial/vendor/laravel/framework/src/Illuminate/Pipeline/Pipeline.php(183): Illuminate\\View\\Middleware\\ShareErrorsFromSession->handle(Object(Illuminate\\Http\\Request), Object(Closure))
#23 /home1/sanmiuce/public_html/matrimonial/vendor/laravel/framework/src/Illuminate/Session/Middleware/StartSession.php(121): Illuminate\\Pipeline\\Pipeline->Illuminate\\Pipeline\\{closure}(Object(Illuminate\\Http\\Request))
#24 /home1/sanmiuce/public_html/matrimonial/vendor/laravel/framework/src/Illuminate/Session/Middleware/StartSession.php(64): Illuminate\\Session\\Middleware\\StartSession->handleStatefulRequest(Object(Illuminate\\Http\\Request), Object(Illuminate\\Session\\Store), Object(Closure))
#25 /home1/sanmiuce/public_html/matrimonial/vendor/laravel/framework/src/Illuminate/Pipeline/Pipeline.php(183): Illuminate\\Session\\Middleware\\StartSession->handle(Object(Illuminate\\Http\\Request), Object(Closure))
#26 /home1/sanmiuce/public_html/matrimonial/vendor/laravel/framework/src/Illuminate/Cookie/Middleware/AddQueuedCookiesToResponse.php(37): Illuminate\\Pipeline\\Pipeline->Illuminate\\Pipeline\\{closure}(Object(Illuminate\\Http\\Request))
#27 /home1/sanmiuce/public_html/matrimonial/vendor/laravel/framework/src/Illuminate/Pipeline/Pipeline.php(183): Illuminate\\Cookie\\Middleware\\AddQueuedCookiesToResponse->handle(Object(Illuminate\\Http\\Request), Object(Closure))
#28 /home1/sanmiuce/public_html/matrimonial/vendor/laravel/framework/src/Illuminate/Cookie/Middleware/EncryptCookies.php(67): Illuminate\\Pipeline\\Pipeline->Illuminate\\Pipeline\\{closure}(Object(Illuminate\\Http\\Request))
#29 /home1/sanmiuce/public_html/matrimonial/vendor/laravel/framework/src/Illuminate/Pipeline/Pipeline.php(183): Illuminate\\Cookie\\Middleware\\EncryptCookies->handle(Object(Illuminate\\Http\\Request), Object(Closure))
#30 /home1/sanmiuce/public_html/matrimonial/vendor/laravel/framework/src/Illuminate/Pipeline/Pipeline.php(119): Illuminate\\Pipeline\\Pipeline->Illuminate\\Pipeline\\{closure}(Object(Illuminate\\Http\\Request))
#31 /home1/sanmiuce/public_html/matrimonial/vendor/laravel/framework/src/Illuminate/Routing/Router.php(805): Illuminate\\Pipeline\\Pipeline->then(Object(Closure))
#32 /home1/sanmiuce/public_html/matrimonial/vendor/laravel/framework/src/Illuminate/Routing/Router.php(784): Illuminate\\Routing\\Router->runRouteWithinStack(Object(Illuminate\\Routing\\Route), Object(Illuminate\\Http\\Request))
#33 /home1/sanmiuce/public_html/matrimonial/vendor/laravel/framework/src/Illuminate/Routing/Router.php(748): Illuminate\\Routing\\Router->runRoute(Object(Illuminate\\Http\\Request), Object(Illuminate\\Routing\\Route))
#34 /home1/sanmiuce/public_html/matrimonial/vendor/laravel/framework/src/Illuminate/Routing/Router.php(737): Illuminate\\Routing\\Router->dispatchToRoute(Object(Illuminate\\Http\\Request))
#35 /home1/sanmiuce/public_html/matrimonial/vendor/laravel/framework/src/Illuminate/Foundation/Http/Kernel.php(200): Illuminate\\Routing\\Router->dispatch(Object(Illuminate\\Http\\Request))
#36 /home1/sanmiuce/public_html/matrimonial/vendor/laravel/framework/src/Illuminate/Pipeline/Pipeline.php(144): Illuminate\\Foundation\\Http\\Kernel->Illuminate\\Foundation\\Http\\{closure}(Object(Illuminate\\Http\\Request))
#37 /home1/sanmiuce/public_html/matrimonial/vendor/laravel/framework/src/Illuminate/Foundation/Http/Middleware/TransformsRequest.php(21): Illuminate\\Pipeline\\Pipeline->Illuminate\\Pipeline\\{closure}(Object(Illuminate\\Http\\Request))
#38 /home1/sanmiuce/public_html/matrimonial/vendor/laravel/framework/src/Illuminate/Foundation/Http/Middleware/ConvertEmptyStringsToNull.php(31): Illuminate\\Foundation\\Http\\Middleware\\TransformsRequest->handle(Object(Illuminate\\Http\\Request), Object(Closure))
#39 /home1/sanmiuce/public_html/matrimonial/vendor/laravel/framework/src/Illuminate/Pipeline/Pipeline.php(183): Illuminate\\Foundation\\Http\\Middleware\\ConvertEmptyStringsToNull->handle(Object(Illuminate\\Http\\Request), Object(Closure))
#40 /home1/sanmiuce/public_html/matrimonial/vendor/laravel/framework/src/Illuminate/Foundation/Http/Middleware/TransformsRequest.php(21): Illuminate\\Pipeline\\Pipeline->Illuminate\\Pipeline\\{closure}(Object(Illuminate\\Http\\Request))
#41 /home1/sanmiuce/public_html/matrimonial/vendor/laravel/framework/src/Illuminate/Foundation/Http/Middleware/TrimStrings.php(40): Illuminate\\Foundation\\Http\\Middleware\\TransformsRequest->handle(Object(Illuminate\\Http\\Request), Object(Closure))
#42 /home1/sanmiuce/public_html/matrimonial/vendor/laravel/framework/src/Illuminate/Pipeline/Pipeline.php(183): Illuminate\\Foundation\\Http\\Middleware\\TrimStrings->handle(Object(Illuminate\\Http\\Request), Object(Closure))
#43 /home1/sanmiuce/public_html/matrimonial/vendor/laravel/framework/src/Illuminate/Foundation/Http/Middleware/ValidatePostSize.php(27): Illuminate\\Pipeline\\Pipeline->Illuminate\\Pipeline\\{closure}(Object(Illuminate\\Http\\Request))
#44 /home1/sanmiuce/public_html/matrimonial/vendor/laravel/framework/src/Illuminate/Pipeline/Pipeline.php(183): Illuminate\\Foundation\\Http\\Middleware\\ValidatePostSize->handle(Object(Illuminate\\Http\\Request), Object(Closure))
#45 /home1/sanmiuce/public_html/matrimonial/vendor/laravel/framework/src/Illuminate/Foundation/Http/Middleware/PreventRequestsDuringMaintenance.php(99): Illuminate\\Pipeline\\Pipeline->Illuminate\\Pipeline\\{closure}(Object(Illuminate\\Http\\Request))
#46 /home1/sanmiuce/public_html/matrimonial/vendor/laravel/framework/src/Illuminate/Pipeline/Pipeline.php(183): Illuminate\\Foundation\\Http\\Middleware\\PreventRequestsDuringMaintenance->handle(Object(Illuminate\\Http\\Request), Object(Closure))
#47 /home1/sanmiuce/public_html/matrimonial/vendor/laravel/framework/src/Illuminate/Http/Middleware/HandleCors.php(49): Illuminate\\Pipeline\\Pipeline->Illuminate\\Pipeline\\{closure}(Object(Illuminate\\Http\\Request))
#48 /home1/sanmiuce/public_html/matrimonial/vendor/laravel/framework/src/Illuminate/Pipeline/Pipeline.php(183): Illuminate\\Http\\Middleware\\HandleCors->handle(Object(Illuminate\\Http\\Request), Object(Closure))
#49 /home1/sanmiuce/public_html/matrimonial/vendor/laravel/framework/src/Illuminate/Http/Middleware/TrustProxies.php(39): Illuminate\\Pipeline\\Pipeline->Illuminate\\Pipeline\\{closure}(Object(Illuminate\\Http\\Request))
#50 /home1/sanmiuce/public_html/matrimonial/vendor/laravel/framework/src/Illuminate/Pipeline/Pipeline.php(183): Illuminate\\Http\\Middleware\\TrustProxies->handle(Object(Illuminate\\Http\\Request), Object(Closure))
#51 /home1/sanmiuce/public_html/matrimonial/vendor/laravel/framework/src/Illuminate/Pipeline/Pipeline.php(119): Illuminate\\Pipeline\\Pipeline->Illuminate\\Pipeline\\{closure}(Object(Illuminate\\Http\\Request))
#52 /home1/sanmiuce/public_html/matrimonial/vendor/laravel/framework/src/Illuminate/Foundation/Http/Kernel.php(175): Illuminate\\Pipeline\\Pipeline->then(Object(Closure))
#53 /home1/sanmiuce/public_html/matrimonial/vendor/laravel/framework/src/Illuminate/Foundation/Http/Kernel.php(144): Illuminate\\Foundation\\Http\\Kernel->sendRequestThroughRouter(Object(Illuminate\\Http\\Request))
#54 /home1/sanmiuce/public_html/matrimonial/index.php(51): Illuminate\\Foundation\\Http\\Kernel->handle(Object(Illuminate\\Http\\Request))
#55 {main}

[previous exception] [object] (ErrorException(code: 0): foreach() argument must be of type array|object, null given at /home1/sanmiuce/public_html/matrimonial/storage/framework/views/112576accde07897deb9de67fb06bc74.php:194)
[stacktrace]
#0 /home1/sanmiuce/public_html/matrimonial/vendor/laravel/framework/src/Illuminate/Foundation/Bootstrap/HandleExceptions.php(255): Illuminate\\Foundation\\Bootstrap\\HandleExceptions->handleError(2, 'foreach() argum...', '/home1/sanmiuce...', 194)
#1 /home1/sanmiuce/public_html/matrimonial/storage/framework/views/112576accde07897deb9de67fb06bc74.php(194): Illuminate\\Foundation\\Bootstrap\\HandleExceptions->Illuminate\\Foundation\\Bootstrap\\{closure}(2, 'foreach() argum...', '/home1/sanmiuce...', 194)
#2 /home1/sanmiuce/public_html/matrimonial/vendor/laravel/framework/src/Illuminate/Filesystem/Filesystem.php(123): require('/home1/sanmiuce...')
#3 /home1/sanmiuce/public_html/matrimonial/vendor/laravel/framework/src/Illuminate/Filesystem/Filesystem.php(124): Illuminate\\Filesystem\\Filesystem::Illuminate\\Filesystem\\{closure}()
#4 /home1/sanmiuce/public_html/matrimonial/vendor/laravel/framework/src/Illuminate/View/Engines/PhpEngine.php(58): Illuminate\\Filesystem\\Filesystem->getRequire('/home1/sanmiuce...', Array)
#5 /home1/sanmiuce/public_html/matrimonial/vendor/laravel/framework/src/Illuminate/View/Engines/CompilerEngine.php(72): Illuminate\\View\\Engines\\PhpEngine->evaluatePath('/home1/sanmiuce...', Array)
#6 /home1/sanmiuce/public_html/matrimonial/vendor/laravel/framework/src/Illuminate/View/View.php(207): Illuminate\\View\\Engines\\CompilerEngine->get('/home1/sanmiuce...', Array)
#7 /home1/sanmiuce/public_html/matrimonial/vendor/laravel/framework/src/Illuminate/View/View.php(190): Illuminate\\View\\View->getContents()
#8 /home1/sanmiuce/public_html/matrimonial/vendor/laravel/framework/src/Illuminate/View/View.php(159): Illuminate\\View\\View->renderContents()
#9 /home1/sanmiuce/public_html/matrimonial/vendor/laravel/framework/src/Illuminate/Http/Response.php(69): Illuminate\\View\\View->render()
#10 /home1/sanmiuce/public_html/matrimonial/vendor/laravel/framework/src/Illuminate/Http/Response.php(35): Illuminate\\Http\\Response->setContent(Object(Illuminate\\View\\View))
#11 /home1/sanmiuce/public_html/matrimonial/vendor/laravel/framework/src/Illuminate/Routing/Router.php(918): Illuminate\\Http\\Response->__construct(Object(Illuminate\\View\\View), 200, Array)
#12 /home1/sanmiuce/public_html/matrimonial/vendor/laravel/framework/src/Illuminate/Routing/Router.php(885): Illuminate\\Routing\\Router::toResponse(Object(Illuminate\\Http\\Request), Object(Illuminate\\View\\View))
#13 /home1/sanmiuce/public_html/matrimonial/vendor/laravel/framework/src/Illuminate/Routing/Router.php(805): Illuminate\\Routing\\Router->prepareResponse(Object(Illuminate\\Http\\Request), Object(Illuminate\\View\\View))
#14 /home1/sanmiuce/public_html/matrimonial/vendor/laravel/framework/src/Illuminate/Pipeline/Pipeline.php(144): Illuminate\\Routing\\Router->Illuminate\\Routing\\{closure}(Object(Illuminate\\Http\\Request))
#15 /home1/sanmiuce/public_html/matrimonial/app/Http/Middleware/PermissionMiddleware.php(35): Illuminate\\Pipeline\\Pipeline->Illuminate\\Pipeline\\{closure}(Object(Illuminate\\Http\\Request))
#16 /home1/sanmiuce/public_html/matrimonial/vendor/laravel/framework/src/Illuminate/Pipeline/Pipeline.php(183): App\\Http\\Middleware\\PermissionMiddleware->handle(Object(Illuminate\\Http\\Request), Object(Closure))
#17 /home1/sanmiuce/public_html/matrimonial/vendor/laravel/framework/src/Illuminate/Routing/Middleware/SubstituteBindings.php(50): Illuminate\\Pipeline\\Pipeline->Illuminate\\Pipeline\\{closure}(Object(Illuminate\\Http\\Request))
#18 /home1/sanmiuce/public_html/matrimonial/vendor/laravel/framework/src/Illuminate/Pipeline/Pipeline.php(183): Illuminate\\Routing\\Middleware\\SubstituteBindings->handle(Object(Illuminate\\Http\\Request), Object(Closure))
#19 /home1/sanmiuce/public_html/matrimonial/vendor/laravel/framework/src/Illuminate/Auth/Middleware/Authenticate.php(57): Illuminate\\Pipeline\\Pipeline->Illuminate\\Pipeline\\{closure}(Object(Illuminate\\Http\\Request))
#20 /home1/sanmiuce/public_html/matrimonial/vendor/laravel/framework/src/Illuminate/Pipeline/Pipeline.php(183): Illuminate\\Auth\\Middleware\\Authenticate->handle(Object(Illuminate\\Http\\Request), Object(Closure))
#21 /home1/sanmiuce/public_html/matrimonial/vendor/laravel/framework/src/Illuminate/Foundation/Http/Middleware/VerifyCsrfToken.php(78): Illuminate\\Pipeline\\Pipeline->Illuminate\\Pipeline\\{closure}(Object(Illuminate\\Http\\Request))
#22 /home1/sanmiuce/public_html/matrimonial/vendor/laravel/framework/src/Illuminate/Pipeline/Pipeline.php(183): Illuminate\\Foundation\\Http\\Middleware\\VerifyCsrfToken->handle(Object(Illuminate\\Http\\Request), Object(Closure))
#23 /home1/sanmiuce/public_html/matrimonial/vendor/laravel/framework/src/Illuminate/View/Middleware/ShareErrorsFromSession.php(49): Illuminate\\Pipeline\\Pipeline->Illuminate\\Pipeline\\{closure}(Object(Illuminate\\Http\\Request))
#24 /home1/sanmiuce/public_html/matrimonial/vendor/laravel/framework/src/Illuminate/Pipeline/Pipeline.php(183): Illuminate\\View\\Middleware\\ShareErrorsFromSession->handle(Object(Illuminate\\Http\\Request), Object(Closure))
#25 /home1/sanmiuce/public_html/matrimonial/vendor/laravel/framework/src/Illuminate/Session/Middleware/StartSession.php(121): Illuminate\\Pipeline\\Pipeline->Illuminate\\Pipeline\\{closure}(Object(Illuminate\\Http\\Request))
#26 /home1/sanmiuce/public_html/matrimonial/vendor/laravel/framework/src/Illuminate/Session/Middleware/StartSession.php(64): Illuminate\\Session\\Middleware\\StartSession->handleStatefulRequest(Object(Illuminate\\Http\\Request), Object(Illuminate\\Session\\Store), Object(Closure))
#27 /home1/sanmiuce/public_html/matrimonial/vendor/laravel/framework/src/Illuminate/Pipeline/Pipeline.php(183): Illuminate\\Session\\Middleware\\StartSession->handle(Object(Illuminate\\Http\\Request), Object(Closure))
#28 /home1/sanmiuce/public_html/matrimonial/vendor/laravel/framework/src/Illuminate/Cookie/Middleware/AddQueuedCookiesToResponse.php(37): Illuminate\\Pipeline\\Pipeline->Illuminate\\Pipeline\\{closure}(Object(Illuminate\\Http\\Request))
#29 /home1/sanmiuce/public_html/matrimonial/vendor/laravel/framework/src/Illuminate/Pipeline/Pipeline.php(183): Illuminate\\Cookie\\Middleware\\AddQueuedCookiesToResponse->handle(Object(Illuminate\\Http\\Request), Object(Closure))
#30 /home1/sanmiuce/public_html/matrimonial/vendor/laravel/framework/src/Illuminate/Cookie/Middleware/EncryptCookies.php(67): Illuminate\\Pipeline\\Pipeline->Illuminate\\Pipeline\\{closure}(Object(Illuminate\\Http\\Request))
#31 /home1/sanmiuce/public_html/matrimonial/vendor/laravel/framework/src/Illuminate/Pipeline/Pipeline.php(183): Illuminate\\Cookie\\Middleware\\EncryptCookies->handle(Object(Illuminate\\Http\\Request), Object(Closure))
#32 /home1/sanmiuce/public_html/matrimonial/vendor/laravel/framework/src/Illuminate/Pipeline/Pipeline.php(119): Illuminate\\Pipeline\\Pipeline->Illuminate\\Pipeline\\{closure}(Object(Illuminate\\Http\\Request))
#33 /home1/sanmiuce/public_html/matrimonial/vendor/laravel/framework/src/Illuminate/Routing/Router.php(805): Illuminate\\Pipeline\\Pipeline->then(Object(Closure))
#34 /home1/sanmiuce/public_html/matrimonial/vendor/laravel/framework/src/Illuminate/Routing/Router.php(784): Illuminate\\Routing\\Router->runRouteWithinStack(Object(Illuminate\\Routing\\Route), Object(Illuminate\\Http\\Request))
#35 /home1/sanmiuce/public_html/matrimonial/vendor/laravel/framework/src/Illuminate/Routing/Router.php(748): Illuminate\\Routing\\Router->runRoute(Object(Illuminate\\Http\\Request), Object(Illuminate\\Routing\\Route))
#36 /home1/sanmiuce/public_html/matrimonial/vendor/laravel/framework/src/Illuminate/Routing/Router.php(737): Illuminate\\Routing\\Router->dispatchToRoute(Object(Illuminate\\Http\\Request))
#37 /home1/sanmiuce/public_html/matrimonial/vendor/laravel/framework/src/Illuminate/Foundation/Http/Kernel.php(200): Illuminate\\Routing\\Router->dispatch(Object(Illuminate\\Http\\Request))
#38 /home1/sanmiuce/public_html/matrimonial/vendor/laravel/framework/src/Illuminate/Pipeline/Pipeline.php(144): Illuminate\\Foundation\\Http\\Kernel->Illuminate\\Foundation\\Http\\{closure}(Object(Illuminate\\Http\\Request))
#39 /home1/sanmiuce/public_html/matrimonial/vendor/laravel/framework/src/Illuminate/Foundation/Http/Middleware/TransformsRequest.php(21): Illuminate\\Pipeline\\Pipeline->Illuminate\\Pipeline\\{closure}(Object(Illuminate\\Http\\Request))
#40 /home1/sanmiuce/public_html/matrimonial/vendor/laravel/framework/src/Illuminate/Foundation/Http/Middleware/ConvertEmptyStringsToNull.php(31): Illuminate\\Foundation\\Http\\Middleware\\TransformsRequest->handle(Object(Illuminate\\Http\\Request), Object(Closure))
#41 /home1/sanmiuce/public_html/matrimonial/vendor/laravel/framework/src/Illuminate/Pipeline/Pipeline.php(183): Illuminate\\Foundation\\Http\\Middleware\\ConvertEmptyStringsToNull->handle(Object(Illuminate\\Http\\Request), Object(Closure))
#42 /home1/sanmiuce/public_html/matrimonial/vendor/laravel/framework/src/Illuminate/Foundation/Http/Middleware/TransformsRequest.php(21): Illuminate\\Pipeline\\Pipeline->Illuminate\\Pipeline\\{closure}(Object(Illuminate\\Http\\Request))
#43 /home1/sanmiuce/public_html/matrimonial/vendor/laravel/framework/src/Illuminate/Foundation/Http/Middleware/TrimStrings.php(40): Illuminate\\Foundation\\Http\\Middleware\\TransformsRequest->handle(Object(Illuminate\\Http\\Request), Object(Closure))
#44 /home1/sanmiuce/public_html/matrimonial/vendor/laravel/framework/src/Illuminate/Pipeline/Pipeline.php(183): Illuminate\\Foundation\\Http\\Middleware\\TrimStrings->handle(Object(Illuminate\\Http\\Request), Object(Closure))
#45 /home1/sanmiuce/public_html/matrimonial/vendor/laravel/framework/src/Illuminate/Foundation/Http/Middleware/ValidatePostSize.php(27): Illuminate\\Pipeline\\Pipeline->Illuminate\\Pipeline\\{closure}(Object(Illuminate\\Http\\Request))
#46 /home1/sanmiuce/public_html/matrimonial/vendor/laravel/framework/src/Illuminate/Pipeline/Pipeline.php(183): Illuminate\\Foundation\\Http\\Middleware\\ValidatePostSize->handle(Object(Illuminate\\Http\\Request), Object(Closure))
#47 /home1/sanmiuce/public_html/matrimonial/vendor/laravel/framework/src/Illuminate/Foundation/Http/Middleware/PreventRequestsDuringMaintenance.php(99): Illuminate\\Pipeline\\Pipeline->Illuminate\\Pipeline\\{closure}(Object(Illuminate\\Http\\Request))
#48 /home1/sanmiuce/public_html/matrimonial/vendor/laravel/framework/src/Illuminate/Pipeline/Pipeline.php(183): Illuminate\\Foundation\\Http\\Middleware\\PreventRequestsDuringMaintenance->handle(Object(Illuminate\\Http\\Request), Object(Closure))
#49 /home1/sanmiuce/public_html/matrimonial/vendor/laravel/framework/src/Illuminate/Http/Middleware/HandleCors.php(49): Illuminate\\Pipeline\\Pipeline->Illuminate\\Pipeline\\{closure}(Object(Illuminate\\Http\\Request))
#50 /home1/sanmiuce/public_html/matrimonial/vendor/laravel/framework/src/Illuminate/Pipeline/Pipeline.php(183): Illuminate\\Http\\Middleware\\HandleCors->handle(Object(Illuminate\\Http\\Request), Object(Closure))
#51 /home1/sanmiuce/public_html/matrimonial/vendor/laravel/framework/src/Illuminate/Http/Middleware/TrustProxies.php(39): Illuminate\\Pipeline\\Pipeline->Illuminate\\Pipeline\\{closure}(Object(Illuminate\\Http\\Request))
#52 /home1/sanmiuce/public_html/matrimonial/vendor/laravel/framework/src/Illuminate/Pipeline/Pipeline.php(183): Illuminate\\Http\\Middleware\\TrustProxies->handle(Object(Illuminate\\Http\\Request), Object(Closure))
#53 /home1/sanmiuce/public_html/matrimonial/vendor/laravel/framework/src/Illuminate/Pipeline/Pipeline.php(119): Illuminate\\Pipeline\\Pipeline->Illuminate\\Pipeline\\{closure}(Object(Illuminate\\Http\\Request))
#54 /home1/sanmiuce/public_html/matrimonial/vendor/laravel/framework/src/Illuminate/Foundation/Http/Kernel.php(175): Illuminate\\Pipeline\\Pipeline->then(Object(Closure))
#55 /home1/sanmiuce/public_html/matrimonial/vendor/laravel/framework/src/Illuminate/Foundation/Http/Kernel.php(144): Illuminate\\Foundation\\Http\\Kernel->sendRequestThroughRouter(Object(Illuminate\\Http\\Request))
#56 /home1/sanmiuce/public_html/matrimonial/index.php(51): Illuminate\\Foundation\\Http\\Kernel->handle(Object(Illuminate\\Http\\Request))
#57 {main}
"} 
